2021-03-17 12:55:37.293 [restartedMain] INFO  o.s.b.d.env.DevToolsPropertyDefaultsPostProcessor - Devtools property defaults active! Set 'spring.devtools.add-properties' to 'false' to disable
2021-03-17 12:55:39.932 [restartedMain] INFO  jz.cdgy.admin.AdminApplication - The following profiles are active: dev
2021-03-17 12:55:42.660 [restartedMain] INFO  o.s.d.r.config.RepositoryConfigurationDelegate - Multiple Spring Data modules found, entering strict repository configuration mode!
2021-03-17 12:55:42.661 [restartedMain] INFO  o.s.d.r.config.RepositoryConfigurationDelegate - Bootstrapping Spring Data Elasticsearch repositories in DEFAULT mode.
2021-03-17 12:55:42.920 [restartedMain] INFO  o.s.d.r.config.RepositoryConfigurationDelegate - Finished Spring Data repository scanning in 255ms. Found 1 Elasticsearch repository interfaces.
2021-03-17 12:55:43.464 [restartedMain] WARN  org.mybatis.spring.mapper.ClassPathMapperScanner - No MyBatis mapper was found in '[jz.cdgy.admin]' package. Please check your configuration.
2021-03-17 12:55:44.003 [restartedMain] INFO  o.s.d.r.config.RepositoryConfigurationDelegate - Multiple Spring Data modules found, entering strict repository configuration mode!
2021-03-17 12:55:44.004 [restartedMain] INFO  o.s.d.r.config.RepositoryConfigurationDelegate - Bootstrapping Spring Data Reactive Elasticsearch repositories in DEFAULT mode.
2021-03-17 12:55:44.033 [restartedMain] INFO  o.s.d.r.config.RepositoryConfigurationDelegate - Finished Spring Data repository scanning in 29ms. Found 0 Reactive Elasticsearch repository interfaces.
2021-03-17 12:55:44.052 [restartedMain] INFO  o.s.d.r.config.RepositoryConfigurationDelegate - Multiple Spring Data modules found, entering strict repository configuration mode!
2021-03-17 12:55:44.052 [restartedMain] INFO  o.s.d.r.config.RepositoryConfigurationDelegate - Bootstrapping Spring Data MongoDB repositories in DEFAULT mode.
2021-03-17 12:55:44.056 [restartedMain] INFO  o.s.d.r.config.RepositoryConfigurationDelegate - Finished Spring Data repository scanning in 4ms. Found 0 MongoDB repository interfaces.
2021-03-17 12:55:44.068 [restartedMain] INFO  o.s.d.r.config.RepositoryConfigurationDelegate - Multiple Spring Data modules found, entering strict repository configuration mode!
2021-03-17 12:55:44.070 [restartedMain] INFO  o.s.d.r.config.RepositoryConfigurationDelegate - Bootstrapping Spring Data Redis repositories in DEFAULT mode.
2021-03-17 12:55:44.085 [restartedMain] INFO  o.s.d.r.config.RepositoryConfigurationDelegate - Finished Spring Data repository scanning in 4ms. Found 0 Redis repository interfaces.
2021-03-17 12:55:44.245 [restartedMain] WARN  o.springframework.boot.actuate.endpoint.EndpointId - Endpoint ID 'service-registry' contains invalid characters, please migrate to a valid format.
2021-03-17 12:55:44.585 [restartedMain] INFO  o.springframework.cloud.context.scope.GenericScope - BeanFactory id=35de3a90-3ea4-36ea-ba3f-f64da5f0eeae
2021-03-17 12:55:46.570 [restartedMain] INFO  o.s.boot.web.embedded.tomcat.TomcatWebServer - Tomcat initialized with port(s): 1201 (http)
2021-03-17 12:55:46.584 [restartedMain] INFO  org.apache.coyote.http11.Http11NioProtocol - Initializing ProtocolHandler ["http-nio-1201"]
2021-03-17 12:55:46.585 [restartedMain] INFO  org.apache.catalina.core.StandardService - Starting service [Tomcat]
2021-03-17 12:55:46.585 [restartedMain] INFO  org.apache.catalina.core.StandardEngine - Starting Servlet engine: [Apache Tomcat/9.0.35]
2021-03-17 12:55:47.002 [restartedMain] INFO  o.a.c.core.ContainerBase.[Tomcat].[localhost].[/] - Initializing Spring embedded WebApplicationContext
2021-03-17 12:55:47.002 [restartedMain] INFO  org.springframework.web.context.ContextLoader - Root WebApplicationContext: initialization completed in 7015 ms
2021-03-17 12:55:47.397 [restartedMain] WARN  o.springframework.boot.actuate.endpoint.EndpointId - Endpoint ID 'nacos-discovery' contains invalid characters, please migrate to a valid format.
2021-03-17 12:55:47.770 [restartedMain] WARN  org.springframework.data.convert.CustomConversions - Registering converter from class org.springframework.data.geo.Point to interface java.util.Map as writing converter although it doesn't convert to a store-supported type! You might want to check your annotation setup at the converter implementation.
2021-03-17 12:55:47.770 [restartedMain] WARN  org.springframework.data.convert.CustomConversions - Registering converter from interface java.util.Map to class org.springframework.data.geo.Point as reading converter although it doesn't convert from a store-supported type! You might want to check your annotation setup at the converter implementation.
2021-03-17 12:55:47.770 [restartedMain] WARN  org.springframework.data.convert.CustomConversions - Registering converter from class org.springframework.data.elasticsearch.core.geo.GeoPoint to interface java.util.Map as writing converter although it doesn't convert to a store-supported type! You might want to check your annotation setup at the converter implementation.
2021-03-17 12:55:47.770 [restartedMain] WARN  org.springframework.data.convert.CustomConversions - Registering converter from interface java.util.Map to class org.springframework.data.elasticsearch.core.geo.GeoPoint as reading converter although it doesn't convert from a store-supported type! You might want to check your annotation setup at the converter implementation.
2021-03-17 12:55:47.796 [restartedMain] WARN  org.springframework.data.convert.CustomConversions - Registering converter from class org.springframework.data.geo.Point to interface java.util.Map as writing converter although it doesn't convert to a store-supported type! You might want to check your annotation setup at the converter implementation.
2021-03-17 12:55:47.797 [restartedMain] WARN  org.springframework.data.convert.CustomConversions - Registering converter from interface java.util.Map to class org.springframework.data.geo.Point as reading converter although it doesn't convert from a store-supported type! You might want to check your annotation setup at the converter implementation.
2021-03-17 12:55:47.797 [restartedMain] WARN  org.springframework.data.convert.CustomConversions - Registering converter from class org.springframework.data.elasticsearch.core.geo.GeoPoint to interface java.util.Map as writing converter although it doesn't convert to a store-supported type! You might want to check your annotation setup at the converter implementation.
2021-03-17 12:55:47.797 [restartedMain] WARN  org.springframework.data.convert.CustomConversions - Registering converter from interface java.util.Map to class org.springframework.data.elasticsearch.core.geo.GeoPoint as reading converter although it doesn't convert from a store-supported type! You might want to check your annotation setup at the converter implementation.
2021-03-17 12:55:49.241 [restartedMain] INFO  o.s.data.elasticsearch.support.VersionInfo - Version Spring Data Elasticsearch: 4.0.0.RELEASE
2021-03-17 12:55:49.242 [restartedMain] INFO  o.s.data.elasticsearch.support.VersionInfo - Version Elasticsearch Client in build: 7.6.2
2021-03-17 12:55:49.242 [restartedMain] INFO  o.s.data.elasticsearch.support.VersionInfo - Version Elasticsearch Client used: 7.6.2
2021-03-17 12:55:49.242 [restartedMain] INFO  o.s.data.elasticsearch.support.VersionInfo - Version Elasticsearch cluster: 7.7.0
2021-03-17 12:55:49.242 [restartedMain] WARN  o.s.data.elasticsearch.support.VersionInfo - Version mismatch in between Elasticsearch Client and Cluster: 7.6.2 - 7.7.0
2021-03-17 12:55:49.558 [restartedMain] INFO  o.s.b.d.autoconfigure.OptionalLiveReloadServer - LiveReload server is running on port 35729
2021-03-17 12:55:50.660 [restartedMain] INFO  c.a.d.s.b.a.DruidDataSourceAutoConfigure - Init DruidDataSource
2021-03-17 12:55:51.415 [restartedMain] INFO  com.alibaba.druid.pool.DruidDataSource - {dataSource-1} inited
2021-03-17 12:55:52.390 [restartedMain] WARN  c.b.mybatisplus.core.injector.AbstractMethod - [jz.cdgy.mbg.mapper.DepartmentMapper.insert] Has been loaded by XML or SqlProvider or Mybatis's Annotation, so ignoring this injection for [class com.baomidou.mybatisplus.core.injector.methods.Insert]
2021-03-17 12:55:52.479 [restartedMain] WARN  c.b.mybatisplus.core.injector.AbstractMethod - [jz.cdgy.mbg.mapper.EmpMapper.insert] Has been loaded by XML or SqlProvider or Mybatis's Annotation, so ignoring this injection for [class com.baomidou.mybatisplus.core.injector.methods.Insert]
2021-03-17 12:55:52.580 [restartedMain] WARN  c.b.mybatisplus.core.injector.AbstractMethod - [jz.cdgy.mbg.mapper.MsgModelMapper.insert] Has been loaded by XML or SqlProvider or Mybatis's Annotation, so ignoring this injection for [class com.baomidou.mybatisplus.core.injector.methods.Insert]
2021-03-17 12:55:52.638 [restartedMain] WARN  c.b.mybatisplus.core.injector.AbstractMethod - [jz.cdgy.mbg.mapper.PermissionMapper.insert] Has been loaded by XML or SqlProvider or Mybatis's Annotation, so ignoring this injection for [class com.baomidou.mybatisplus.core.injector.methods.Insert]
2021-03-17 12:55:52.701 [restartedMain] WARN  c.b.mybatisplus.core.injector.AbstractMethod - [jz.cdgy.mbg.mapper.PositionMapper.insert] Has been loaded by XML or SqlProvider or Mybatis's Annotation, so ignoring this injection for [class com.baomidou.mybatisplus.core.injector.methods.Insert]
2021-03-17 12:55:52.753 [restartedMain] WARN  c.b.mybatisplus.core.injector.AbstractMethod - [jz.cdgy.mbg.mapper.RoleMapper.insert] Has been loaded by XML or SqlProvider or Mybatis's Annotation, so ignoring this injection for [class com.baomidou.mybatisplus.core.injector.methods.Insert]
2021-03-17 12:55:52.791 [restartedMain] WARN  c.b.mybatisplus.core.injector.AbstractMethod - [jz.cdgy.mbg.mapper.RolePermissionMapper.insert] Has been loaded by XML or SqlProvider or Mybatis's Annotation, so ignoring this injection for [class com.baomidou.mybatisplus.core.injector.methods.Insert]
2021-03-17 12:55:52.845 [restartedMain] WARN  c.b.mybatisplus.core.injector.AbstractMethod - [jz.cdgy.mbg.mapper.UserMapper.insert] Has been loaded by XML or SqlProvider or Mybatis's Annotation, so ignoring this injection for [class com.baomidou.mybatisplus.core.injector.methods.Insert]
2021-03-17 12:55:52.915 [restartedMain] WARN  c.b.mybatisplus.core.injector.AbstractMethod - [jz.cdgy.mbg.mapper.UserRoleMapper.insert] Has been loaded by XML or SqlProvider or Mybatis's Annotation, so ignoring this injection for [class com.baomidou.mybatisplus.core.injector.methods.Insert]
2021-03-17 12:55:56.126 [restartedMain] INFO  org.springframework.cloud.commons.util.InetUtils - Cannot determine local hostname
2021-03-17 12:55:56.606 [restartedMain] INFO  org.mongodb.driver.cluster - Cluster created with settings {hosts=[localhost:27017], mode=SINGLE, requiredClusterType=UNKNOWN, serverSelectionTimeout='30000 ms'}
2021-03-17 12:55:56.916 [restartedMain] WARN  org.springframework.data.convert.CustomConversions - Registering converter from class java.time.LocalDateTime to class org.joda.time.LocalDateTime as reading converter although it doesn't convert from a store-supported type! You might want to check your annotation setup at the converter implementation.
2021-03-17 12:55:56.953 [restartedMain] WARN  org.springframework.data.convert.CustomConversions - Registering converter from class java.time.LocalDateTime to class org.joda.time.LocalDateTime as reading converter although it doesn't convert from a store-supported type! You might want to check your annotation setup at the converter implementation.
2021-03-17 12:55:57.537 [restartedMain] INFO  o.s.b.actuate.endpoint.web.EndpointLinksResolver - Exposing 2 endpoint(s) beneath base path '/actuator'
2021-03-17 12:55:57.679 [cluster-ClusterId{value='60518bdc7fa7c726a9d70c93', description='null'}-localhost:27017] INFO  org.mongodb.driver.cluster - Exception in monitor thread while connecting to server localhost:27017
com.mongodb.MongoSocketOpenException: Exception opening socket
	at com.mongodb.internal.connection.SocketStream.open(SocketStream.java:70)
	at com.mongodb.internal.connection.InternalStreamConnection.open(InternalStreamConnection.java:127)
	at com.mongodb.internal.connection.DefaultServerMonitor$ServerMonitorRunnable.run(DefaultServerMonitor.java:117)
	at java.lang.Thread.run(Thread.java:748)
Caused by: java.net.ConnectException: Connection refused: connect
	at java.net.DualStackPlainSocketImpl.waitForConnect(Native Method)
	at java.net.DualStackPlainSocketImpl.socketConnect(DualStackPlainSocketImpl.java:85)
	at java.net.AbstractPlainSocketImpl.doConnect(AbstractPlainSocketImpl.java:350)
	at java.net.AbstractPlainSocketImpl.connectToAddress(AbstractPlainSocketImpl.java:206)
	at java.net.AbstractPlainSocketImpl.connect(AbstractPlainSocketImpl.java:188)
	at java.net.PlainSocketImpl.connect(PlainSocketImpl.java:172)
	at java.net.SocksSocketImpl.connect(SocksSocketImpl.java:392)
	at java.net.Socket.connect(Socket.java:606)
	at com.mongodb.internal.connection.SocketStreamHelper.initialize(SocketStreamHelper.java:63)
	at com.mongodb.internal.connection.SocketStream.initializeSocket(SocketStream.java:79)
	at com.mongodb.internal.connection.SocketStream.open(SocketStream.java:65)
	... 3 common frames omitted
2021-03-17 12:55:57.770 [restartedMain] INFO  s.d.s.w.PropertySourcedRequestMappingHandlerMapping - Mapped URL path [/v2/api-docs] onto method [springfox.documentation.swagger2.web.Swagger2Controller#getDocumentation(String, HttpServletRequest)]
2021-03-17 12:55:57.872 [restartedMain] WARN  com.netflix.config.sources.URLConfigurationSource - No URLs will be polled as dynamic configuration sources.
2021-03-17 12:55:57.873 [restartedMain] INFO  com.netflix.config.sources.URLConfigurationSource - To enable URLs as dynamic configuration sources, define System property archaius.configurationSource.additionalUrls or make config.properties available on classpath.
2021-03-17 12:55:57.884 [restartedMain] WARN  com.netflix.config.sources.URLConfigurationSource - No URLs will be polled as dynamic configuration sources.
2021-03-17 12:55:57.885 [restartedMain] INFO  com.netflix.config.sources.URLConfigurationSource - To enable URLs as dynamic configuration sources, define System property archaius.configurationSource.additionalUrls or make config.properties available on classpath.
2021-03-17 12:55:58.047 [restartedMain] INFO  o.s.scheduling.concurrent.ThreadPoolTaskExecutor - Initializing ExecutorService 'applicationTaskExecutor'
2021-03-17 12:55:58.301 [restartedMain] INFO  o.s.scheduling.concurrent.ThreadPoolTaskScheduler - Initializing ExecutorService 'Nacso-Watch-Task-Scheduler'
2021-03-17 12:56:00.643 [restartedMain] INFO  org.springframework.cloud.commons.util.InetUtils - Cannot determine local hostname
2021-03-17 12:56:01.026 [restartedMain] INFO  org.apache.coyote.http11.Http11NioProtocol - Starting ProtocolHandler ["http-nio-1201"]
2021-03-17 12:56:01.058 [restartedMain] INFO  o.s.boot.web.embedded.tomcat.TomcatWebServer - Tomcat started on port(s): 1201 (http) with context path ''
2021-03-17 12:56:01.260 [restartedMain] INFO  c.a.cloud.nacos.registry.NacosServiceRegistry - nacos registry, DEFAULT_GROUP admin 192.168.43.126:1201 register finished
2021-03-17 12:56:02.757 [restartedMain] INFO  org.springframework.cloud.commons.util.InetUtils - Cannot determine local hostname
2021-03-17 12:56:02.757 [restartedMain] INFO  s.d.s.web.plugins.DocumentationPluginsBootstrapper - Context refreshed
2021-03-17 12:56:02.851 [restartedMain] INFO  s.d.s.web.plugins.DocumentationPluginsBootstrapper - Found 1 custom documentation plugin(s)
2021-03-17 12:56:02.954 [restartedMain] INFO  s.d.spring.web.scanners.ApiListingReferenceScanner - Scanning for api listing references
2021-03-17 12:56:03.444 [restartedMain] INFO  s.d.s.w.r.operation.CachingOperationNameGenerator - Generating unique operation named: gerUserRoleUsingGET_1
2021-03-17 12:56:03.543 [restartedMain] INFO  o.s.a.rabbit.connection.CachingConnectionFactory - Attempting to connect to: [47.101.131.174:5672]
2021-03-17 12:56:03.874 [restartedMain] INFO  o.s.a.rabbit.connection.CachingConnectionFactory - Created new connection: rabbitConnectionFactory#38ea6d9c:0/SimpleConnection@3f0deb2a [delegate=amqp://guest@47.101.131.174:5672/, localPort= 51979]
2021-03-17 12:56:04.996 [restartedMain] INFO  jz.cdgy.admin.AdminApplication - Started AdminApplication in 30.551 seconds (JVM running for 32.557)
2021-03-17 12:56:05.833 [RMI TCP Connection(5)-192.168.37.1] INFO  org.mongodb.driver.cluster - Cluster description not yet available. Waiting for 30000 ms before timing out
2021-03-17 12:56:05.834 [RMI TCP Connection(7)-192.168.37.1] INFO  o.a.c.core.ContainerBase.[Tomcat].[localhost].[/] - Initializing Spring DispatcherServlet 'dispatcherServlet'
2021-03-17 12:56:05.834 [RMI TCP Connection(7)-192.168.37.1] INFO  org.springframework.web.servlet.DispatcherServlet - Initializing Servlet 'dispatcherServlet'
2021-03-17 12:56:05.845 [RMI TCP Connection(7)-192.168.37.1] INFO  org.springframework.web.servlet.DispatcherServlet - Completed initialization in 11 ms
2021-03-17 12:56:35.838 [RMI TCP Connection(5)-192.168.37.1] WARN  o.s.boot.actuate.mongo.MongoHealthIndicator - MongoDB health check failed
org.springframework.dao.DataAccessResourceFailureException: Timed out after 30000 ms while waiting to connect. Client view of cluster state is {type=UNKNOWN, servers=[{address=localhost:27017, type=UNKNOWN, state=CONNECTING, exception={com.mongodb.MongoSocketOpenException: Exception opening socket}, caused by {java.net.ConnectException: Connection refused: connect}}]; nested exception is com.mongodb.MongoTimeoutException: Timed out after 30000 ms while waiting to connect. Client view of cluster state is {type=UNKNOWN, servers=[{address=localhost:27017, type=UNKNOWN, state=CONNECTING, exception={com.mongodb.MongoSocketOpenException: Exception opening socket}, caused by {java.net.ConnectException: Connection refused: connect}}]
	at org.springframework.data.mongodb.core.MongoExceptionTranslator.translateExceptionIfPossible(MongoExceptionTranslator.java:88)
	at org.springframework.data.mongodb.core.MongoTemplate.potentiallyConvertRuntimeException(MongoTemplate.java:2863)
	at org.springframework.data.mongodb.core.MongoTemplate.execute(MongoTemplate.java:541)
	at org.springframework.data.mongodb.core.MongoTemplate.executeCommand(MongoTemplate.java:457)
	at org.springframework.boot.actuate.mongo.MongoHealthIndicator.doHealthCheck(MongoHealthIndicator.java:46)
	at org.springframework.boot.actuate.health.AbstractHealthIndicator.health(AbstractHealthIndicator.java:82)
	at org.springframework.boot.actuate.health.HealthIndicator.getHealth(HealthIndicator.java:37)
	at org.springframework.boot.actuate.health.HealthEndpoint.getHealth(HealthEndpoint.java:71)
	at org.springframework.boot.actuate.health.HealthEndpoint.getHealth(HealthEndpoint.java:39)
	at org.springframework.boot.actuate.health.HealthEndpointSupport.getContribution(HealthEndpointSupport.java:99)
	at org.springframework.boot.actuate.health.HealthEndpointSupport.getAggregateHealth(HealthEndpointSupport.java:110)
	at org.springframework.boot.actuate.health.HealthEndpointSupport.getContribution(HealthEndpointSupport.java:96)
	at org.springframework.boot.actuate.health.HealthEndpointSupport.getHealth(HealthEndpointSupport.java:74)
	at org.springframework.boot.actuate.health.HealthEndpointSupport.getHealth(HealthEndpointSupport.java:61)
	at org.springframework.boot.actuate.health.HealthEndpoint.health(HealthEndpoint.java:65)
	at org.springframework.boot.actuate.health.HealthEndpoint.health(HealthEndpoint.java:55)
	at sun.reflect.NativeMethodAccessorImpl.invoke0(Native Method)
	at sun.reflect.NativeMethodAccessorImpl.invoke(NativeMethodAccessorImpl.java:62)
	at sun.reflect.DelegatingMethodAccessorImpl.invoke(DelegatingMethodAccessorImpl.java:43)
	at java.lang.reflect.Method.invoke(Method.java:498)
	at org.springframework.util.ReflectionUtils.invokeMethod(ReflectionUtils.java:282)
	at org.springframework.boot.actuate.endpoint.invoke.reflect.ReflectiveOperationInvoker.invoke(ReflectiveOperationInvoker.java:77)
	at org.springframework.boot.actuate.endpoint.annotation.AbstractDiscoveredOperation.invoke(AbstractDiscoveredOperation.java:60)
	at org.springframework.boot.actuate.endpoint.jmx.EndpointMBean.invoke(EndpointMBean.java:121)
	at org.springframework.boot.actuate.endpoint.jmx.EndpointMBean.invoke(EndpointMBean.java:96)
	at com.sun.jmx.interceptor.DefaultMBeanServerInterceptor.invoke(DefaultMBeanServerInterceptor.java:819)
	at com.sun.jmx.mbeanserver.JmxMBeanServer.invoke(JmxMBeanServer.java:801)
	at javax.management.remote.rmi.RMIConnectionImpl.doOperation(RMIConnectionImpl.java:1468)
	at javax.management.remote.rmi.RMIConnectionImpl.access$300(RMIConnectionImpl.java:76)
	at javax.management.remote.rmi.RMIConnectionImpl$PrivilegedOperation.run(RMIConnectionImpl.java:1309)
	at javax.management.remote.rmi.RMIConnectionImpl.doPrivilegedOperation(RMIConnectionImpl.java:1401)
	at javax.management.remote.rmi.RMIConnectionImpl.invoke(RMIConnectionImpl.java:829)
	at sun.reflect.NativeMethodAccessorImpl.invoke0(Native Method)
	at sun.reflect.NativeMethodAccessorImpl.invoke(NativeMethodAccessorImpl.java:62)
	at sun.reflect.DelegatingMethodAccessorImpl.invoke(DelegatingMethodAccessorImpl.java:43)
	at java.lang.reflect.Method.invoke(Method.java:498)
	at sun.rmi.server.UnicastServerRef.dispatch(UnicastServerRef.java:357)
	at sun.rmi.transport.Transport$1.run(Transport.java:200)
	at sun.rmi.transport.Transport$1.run(Transport.java:197)
	at java.security.AccessController.doPrivileged(Native Method)
	at sun.rmi.transport.Transport.serviceCall(Transport.java:196)
	at sun.rmi.transport.tcp.TCPTransport.handleMessages(TCPTransport.java:573)
	at sun.rmi.transport.tcp.TCPTransport$ConnectionHandler.run0(TCPTransport.java:834)
	at sun.rmi.transport.tcp.TCPTransport$ConnectionHandler.lambda$run$0(TCPTransport.java:688)
	at java.security.AccessController.doPrivileged(Native Method)
	at sun.rmi.transport.tcp.TCPTransport$ConnectionHandler.run(TCPTransport.java:687)
	at java.util.concurrent.ThreadPoolExecutor.runWorker(ThreadPoolExecutor.java:1149)
	at java.util.concurrent.ThreadPoolExecutor$Worker.run(ThreadPoolExecutor.java:624)
	at java.lang.Thread.run(Thread.java:748)
Caused by: com.mongodb.MongoTimeoutException: Timed out after 30000 ms while waiting to connect. Client view of cluster state is {type=UNKNOWN, servers=[{address=localhost:27017, type=UNKNOWN, state=CONNECTING, exception={com.mongodb.MongoSocketOpenException: Exception opening socket}, caused by {java.net.ConnectException: Connection refused: connect}}]
	at com.mongodb.internal.connection.BaseCluster.getDescription(BaseCluster.java:177)
	at com.mongodb.internal.connection.SingleServerCluster.getDescription(SingleServerCluster.java:41)
	at com.mongodb.client.internal.MongoClientDelegate.getConnectedClusterDescription(MongoClientDelegate.java:147)
	at com.mongodb.client.internal.MongoClientDelegate.createClientSession(MongoClientDelegate.java:98)
	at com.mongodb.client.internal.MongoClientDelegate$DelegateOperationExecutor.getClientSession(MongoClientDelegate.java:278)
	at com.mongodb.client.internal.MongoClientDelegate$DelegateOperationExecutor.execute(MongoClientDelegate.java:182)
	at com.mongodb.client.internal.MongoDatabaseImpl.executeCommand(MongoDatabaseImpl.java:194)
	at com.mongodb.client.internal.MongoDatabaseImpl.runCommand(MongoDatabaseImpl.java:163)
	at com.mongodb.client.internal.MongoDatabaseImpl.runCommand(MongoDatabaseImpl.java:158)
	at org.springframework.data.mongodb.core.MongoTemplate.lambda$executeCommand$2(MongoTemplate.java:457)
	at org.springframework.data.mongodb.core.MongoTemplate.execute(MongoTemplate.java:539)
	... 46 common frames omitted
2021-03-17 12:56:36.999 [boundedElastic-1] WARN  o.s.b.actuate.redis.RedisReactiveHealthIndicator - Redis health check failed
org.springframework.data.redis.RedisConnectionFailureException: Unable to connect to Redis; nested exception is io.lettuce.core.RedisConnectionException: Unable to connect to 47.101.131.174:6379
	at org.springframework.data.redis.connection.lettuce.LettuceConnectionFactory$SharedConnection.getNativeConnection(LettuceConnectionFactory.java:1227)
	at org.springframework.data.redis.connection.lettuce.LettuceConnectionFactory$SharedConnection.getConnection(LettuceConnectionFactory.java:1206)
	at org.springframework.data.redis.connection.lettuce.LettuceConnectionFactory.getSharedReactiveConnection(LettuceConnectionFactory.java:980)
	at org.springframework.data.redis.connection.lettuce.LettuceConnectionFactory.getReactiveConnection(LettuceConnectionFactory.java:441)
	at org.springframework.data.redis.connection.lettuce.LettuceConnectionFactory.getReactiveConnection(LettuceConnectionFactory.java:95)
	at reactor.core.publisher.MonoSupplier.call(MonoSupplier.java:85)
	at reactor.core.publisher.FluxSubscribeOnCallable$CallableSubscribeOnSubscription.run(FluxSubscribeOnCallable.java:225)
	at reactor.core.scheduler.SchedulerTask.call(SchedulerTask.java:68)
	at reactor.core.scheduler.SchedulerTask.call(SchedulerTask.java:28)
	at java.util.concurrent.FutureTask.run(FutureTask.java:266)
	at java.util.concurrent.ScheduledThreadPoolExecutor$ScheduledFutureTask.access$201(ScheduledThreadPoolExecutor.java:180)
	at java.util.concurrent.ScheduledThreadPoolExecutor$ScheduledFutureTask.run(ScheduledThreadPoolExecutor.java:293)
	at java.util.concurrent.ThreadPoolExecutor.runWorker(ThreadPoolExecutor.java:1149)
	at java.util.concurrent.ThreadPoolExecutor$Worker.run(ThreadPoolExecutor.java:624)
	at java.lang.Thread.run(Thread.java:748)
Caused by: io.lettuce.core.RedisConnectionException: Unable to connect to 47.101.131.174:6379
	at io.lettuce.core.RedisConnectionException.create(RedisConnectionException.java:78)
	at io.lettuce.core.RedisConnectionException.create(RedisConnectionException.java:56)
	at io.lettuce.core.AbstractRedisClient.getConnection(AbstractRedisClient.java:234)
	at io.lettuce.core.RedisClient.connect(RedisClient.java:207)
	at org.springframework.data.redis.connection.lettuce.StandaloneConnectionProvider.lambda$getConnection$1(StandaloneConnectionProvider.java:115)
	at java.util.Optional.orElseGet(Optional.java:267)
	at org.springframework.data.redis.connection.lettuce.StandaloneConnectionProvider.getConnection(StandaloneConnectionProvider.java:115)
	at org.springframework.data.redis.connection.lettuce.LettuceConnectionFactory$SharedConnection.getNativeConnection(LettuceConnectionFactory.java:1225)
	... 14 common frames omitted
Caused by: io.lettuce.core.RedisCommandExecutionException: ERR AUTH <password> called without any password configured for the default user. Are you sure your configuration is correct?
	at io.lettuce.core.ExceptionFactory.createExecutionException(ExceptionFactory.java:135)
	at io.lettuce.core.ExceptionFactory.createExecutionException(ExceptionFactory.java:108)
	at io.lettuce.core.protocol.AsyncCommand.completeResult(AsyncCommand.java:120)
	at io.lettuce.core.protocol.AsyncCommand.complete(AsyncCommand.java:111)
	at io.lettuce.core.protocol.CommandWrapper.complete(CommandWrapper.java:59)
	at io.lettuce.core.protocol.CommandHandler.complete(CommandHandler.java:654)
	at io.lettuce.core.protocol.CommandHandler.decode(CommandHandler.java:614)
	at io.lettuce.core.protocol.CommandHandler.channelRead(CommandHandler.java:565)
	at io.netty.channel.AbstractChannelHandlerContext.invokeChannelRead(AbstractChannelHandlerContext.java:379)
	at io.netty.channel.AbstractChannelHandlerContext.invokeChannelRead(AbstractChannelHandlerContext.java:365)
	at io.netty.channel.AbstractChannelHandlerContext.fireChannelRead(AbstractChannelHandlerContext.java:357)
	at io.netty.channel.DefaultChannelPipeline$HeadContext.channelRead(DefaultChannelPipeline.java:1410)
	at io.netty.channel.AbstractChannelHandlerContext.invokeChannelRead(AbstractChannelHandlerContext.java:379)
	at io.netty.channel.AbstractChannelHandlerContext.invokeChannelRead(AbstractChannelHandlerContext.java:365)
	at io.netty.channel.DefaultChannelPipeline.fireChannelRead(DefaultChannelPipeline.java:919)
	at io.netty.channel.nio.AbstractNioByteChannel$NioByteUnsafe.read(AbstractNioByteChannel.java:163)
	at io.netty.channel.nio.NioEventLoop.processSelectedKey(NioEventLoop.java:714)
	at io.netty.channel.nio.NioEventLoop.processSelectedKeysOptimized(NioEventLoop.java:650)
	at io.netty.channel.nio.NioEventLoop.processSelectedKeys(NioEventLoop.java:576)
	at io.netty.channel.nio.NioEventLoop.run(NioEventLoop.java:493)
	at io.netty.util.concurrent.SingleThreadEventExecutor$4.run(SingleThreadEventExecutor.java:989)
	at io.netty.util.internal.ThreadExecutorMap$2.run(ThreadExecutorMap.java:74)
	at io.netty.util.concurrent.FastThreadLocalRunnable.run(FastThreadLocalRunnable.java:30)
	... 1 common frames omitted
2021-03-17 13:05:24.818 [AMQP Connection 47.101.131.174:5672] WARN  com.rabbitmq.client.impl.ForgivingExceptionHandler - An unexpected connection driver error occured (Exception message: Connection reset)
2021-03-17 13:05:24.823 [AMQP Connection 47.101.131.174:5672] ERROR o.s.a.rabbit.connection.CachingConnectionFactory - Channel shutdown: connection error
2021-03-17 13:05:24.823 [AMQP Connection 47.101.131.174:5672] ERROR o.s.a.rabbit.connection.CachingConnectionFactory - Channel shutdown: connection error
2021-03-17 13:05:25.332 [org.springframework.amqp.rabbit.RabbitListenerEndpointContainer#0-1] INFO  o.s.a.r.listener.SimpleMessageListenerContainer - Restarting Consumer@11d0b44e: tags=[[amq.ctag-blkvVEMDfAqlP61_bXQS1w]], channel=Cached Rabbit Channel: PublisherCallbackChannelImpl: AMQChannel(amqp://guest@47.101.131.174:5672/,1), conn: Proxy@38f9401b Shared Rabbit Connection: SimpleConnection@3f0deb2a [delegate=amqp://guest@47.101.131.174:5672/, localPort= 51979], acknowledgeMode=AUTO local queue size=0
2021-03-17 13:05:25.336 [org.springframework.amqp.rabbit.RabbitListenerEndpointContainer#0-2] INFO  o.s.a.rabbit.connection.CachingConnectionFactory - Attempting to connect to: [47.101.131.174:5672]
2021-03-17 13:05:46.340 [org.springframework.amqp.rabbit.RabbitListenerEndpointContainer#0-2] ERROR o.s.a.r.listener.SimpleMessageListenerContainer - Failed to check/redeclare auto-delete queue(s).
org.springframework.amqp.AmqpConnectException: java.net.ConnectException: Connection timed out: connect
	at org.springframework.amqp.rabbit.support.RabbitExceptionTranslator.convertRabbitAccessException(RabbitExceptionTranslator.java:61)
	at org.springframework.amqp.rabbit.connection.AbstractConnectionFactory.createBareConnection(AbstractConnectionFactory.java:510)
	at org.springframework.amqp.rabbit.connection.CachingConnectionFactory.createConnection(CachingConnectionFactory.java:751)
	at org.springframework.amqp.rabbit.connection.CachingConnectionFactory.createBareChannel(CachingConnectionFactory.java:702)
	at org.springframework.amqp.rabbit.connection.CachingConnectionFactory.getCachedChannelProxy(CachingConnectionFactory.java:676)
	at org.springframework.amqp.rabbit.connection.CachingConnectionFactory.getChannel(CachingConnectionFactory.java:567)
	at org.springframework.amqp.rabbit.connection.CachingConnectionFactory.access$1600(CachingConnectionFactory.java:102)
	at org.springframework.amqp.rabbit.connection.CachingConnectionFactory$ChannelCachingConnectionProxy.createChannel(CachingConnectionFactory.java:1430)
	at org.springframework.amqp.rabbit.core.RabbitTemplate.doExecute(RabbitTemplate.java:2095)
	at org.springframework.amqp.rabbit.core.RabbitTemplate.execute(RabbitTemplate.java:2062)
	at org.springframework.amqp.rabbit.core.RabbitTemplate.execute(RabbitTemplate.java:2042)
	at org.springframework.amqp.rabbit.core.RabbitAdmin.getQueueInfo(RabbitAdmin.java:407)
	at org.springframework.amqp.rabbit.core.RabbitAdmin.getQueueProperties(RabbitAdmin.java:391)
	at org.springframework.amqp.rabbit.listener.AbstractMessageListenerContainer.attemptDeclarations(AbstractMessageListenerContainer.java:1830)
	at org.springframework.amqp.rabbit.listener.AbstractMessageListenerContainer.redeclareElementsIfNecessary(AbstractMessageListenerContainer.java:1811)
	at org.springframework.amqp.rabbit.listener.SimpleMessageListenerContainer$AsyncMessageProcessingConsumer.initialize(SimpleMessageListenerContainer.java:1342)
	at org.springframework.amqp.rabbit.listener.SimpleMessageListenerContainer$AsyncMessageProcessingConsumer.run(SimpleMessageListenerContainer.java:1188)
	at java.lang.Thread.run(Thread.java:748)
Caused by: java.net.ConnectException: Connection timed out: connect
	at java.net.DualStackPlainSocketImpl.waitForConnect(Native Method)
	at java.net.DualStackPlainSocketImpl.socketConnect(DualStackPlainSocketImpl.java:85)
	at java.net.AbstractPlainSocketImpl.doConnect(AbstractPlainSocketImpl.java:350)
	at java.net.AbstractPlainSocketImpl.connectToAddress(AbstractPlainSocketImpl.java:206)
	at java.net.AbstractPlainSocketImpl.connect(AbstractPlainSocketImpl.java:188)
	at java.net.PlainSocketImpl.connect(PlainSocketImpl.java:172)
	at java.net.SocksSocketImpl.connect(SocksSocketImpl.java:392)
	at java.net.Socket.connect(Socket.java:606)
	at com.rabbitmq.client.impl.SocketFrameHandlerFactory.create(SocketFrameHandlerFactory.java:60)
	at com.rabbitmq.client.ConnectionFactory.newConnection(ConnectionFactory.java:1137)
	at com.rabbitmq.client.ConnectionFactory.newConnection(ConnectionFactory.java:1087)
	at org.springframework.amqp.rabbit.connection.AbstractConnectionFactory.connect(AbstractConnectionFactory.java:526)
	at org.springframework.amqp.rabbit.connection.AbstractConnectionFactory.createBareConnection(AbstractConnectionFactory.java:473)
	... 16 common frames omitted
2021-03-17 13:05:46.341 [org.springframework.amqp.rabbit.RabbitListenerEndpointContainer#0-2] INFO  o.s.a.rabbit.connection.CachingConnectionFactory - Attempting to connect to: [47.101.131.174:5672]
2021-03-17 13:05:46.612 [org.springframework.amqp.rabbit.RabbitListenerEndpointContainer#0-2] INFO  o.s.a.rabbit.connection.CachingConnectionFactory - Created new connection: rabbitConnectionFactory#38ea6d9c:2/SimpleConnection@67a4480a [delegate=amqp://guest@47.101.131.174:5672/, localPort= 54062]
